2024-06-01 00:32:54,499 [INFO]: You entered 'connexcs'
2024-06-01 00:32:57,220 [INFO]: You chose 'did'
2024-06-01 00:32:57,371 [ERROR]: Error occurred: DatabaseHandler.__init__() got an unexpected keyword argument 'fields'
2024-06-01 00:35:30,443 [INFO]: You entered 'connexcs'
2024-06-01 00:35:31,251 [INFO]: You chose 'did'
2024-06-01 00:35:31,321 [ERROR]: Error occurred: DatabaseHandler.__init__() got an unexpected keyword argument 'fields'
2024-06-01 00:37:30,554 [INFO]: You entered 'connexcs'
2024-06-01 00:37:31,563 [INFO]: You chose 'did'
2024-06-01 00:37:31,636 [ERROR]: Error occurred: 'table' is an invalid keyword argument for connect()
2024-06-01 00:38:34,331 [INFO]: You entered 'connexcs'
2024-06-01 00:38:35,050 [INFO]: You chose 'did'
2024-06-01 00:38:35,122 [ERROR]: Error occurred: 'table' is an invalid keyword argument for connect()
2024-06-01 00:39:12,482 [INFO]: You entered 'connexcs'
2024-06-01 00:39:13,153 [INFO]: You chose 'did'
2024-06-01 00:39:15,086 [DEBUG]: Starting new HTTPS connection (1): app.connexcs.com:443
2024-06-01 00:39:18,167 [DEBUG]: https://app.connexcs.com:443 "GET /api/cp/did HTTP/1.1" 200 20157099
2024-06-01 00:39:24,775 [ERROR]: Error occurred: 'DatabaseHandler' object has no attribute 'field_dict'
2024-06-01 00:42:04,169 [INFO]: You entered 'connexcs'
2024-06-01 00:42:05,873 [INFO]: You chose 'did'
2024-06-01 00:42:07,736 [DEBUG]: Starting new HTTPS connection (1): app.connexcs.com:443
2024-06-01 00:42:10,708 [DEBUG]: https://app.connexcs.com:443 "GET /api/cp/did HTTP/1.1" 200 20157099
2024-06-01 00:42:16,737 [ERROR]: Error occurred: Data type 'list' in column 20 not supported in MariaDB Connector/Python
2024-06-01 00:45:58,928 [INFO]: You entered 'connexcs'
2024-06-01 00:46:00,288 [INFO]: You chose 'did'
2024-06-01 00:46:02,302 [DEBUG]: Starting new HTTPS connection (1): app.connexcs.com:443
2024-06-01 00:46:05,564 [DEBUG]: https://app.connexcs.com:443 "GET /api/cp/did HTTP/1.1" 200 20157099
2024-06-01 00:46:11,460 [ERROR]: Error occurred: Data type 'list' in column 20 not supported in MariaDB Connector/Python
2024-06-01 00:51:18,544 [INFO]: You entered 'connexcs'
2024-06-01 00:51:20,014 [INFO]: You chose 'did'
2024-06-01 00:51:22,041 [DEBUG]: Starting new HTTPS connection (1): app.connexcs.com:443
2024-06-01 00:51:25,012 [DEBUG]: https://app.connexcs.com:443 "GET /api/cp/did HTTP/1.1" 200 20157099
2024-06-01 00:51:30,987 [ERROR]: Error occurred: You have an error in your SQL syntax; check the manual that corresponds to your MariaDB server version for the right syntax to use near 'TABLE connexcs_did (id, did, destination, destination_type, destination2, des...' at line 1
2024-06-01 00:52:13,143 [INFO]: You entered 'connexcs'
2024-06-01 00:52:14,502 [INFO]: You chose 'did'
2024-06-01 00:52:16,389 [DEBUG]: Starting new HTTPS connection (1): app.connexcs.com:443
2024-06-01 00:52:19,309 [DEBUG]: https://app.connexcs.com:443 "GET /api/cp/did HTTP/1.1" 200 20157099
2024-06-01 00:52:25,479 [ERROR]: Error occurred: You have an error in your SQL syntax; check the manual that corresponds to your MariaDB server version for the right syntax to use near 'TABLE connexcs_did (id, did, destination, destination_type, destination2, des...' at line 1
2024-06-01 00:53:04,054 [INFO]: You entered 'connexcs'
2024-06-01 00:53:05,486 [INFO]: You chose 'did'
2024-06-01 00:53:07,281 [DEBUG]: Starting new HTTPS connection (1): app.connexcs.com:443
2024-06-01 00:53:10,329 [DEBUG]: https://app.connexcs.com:443 "GET /api/cp/did HTTP/1.1" 200 20157099
2024-06-01 00:53:16,359 [ERROR]: Error occurred: You have an error in your SQL syntax; check the manual that corresponds to your MariaDB server version for the right syntax to use near 'TABLE connexcs_did (id, did, destination, destination_type, destination2, des...' at line 1
2024-06-01 00:54:31,109 [INFO]: You entered 'connexcs'
2024-06-01 00:54:31,838 [INFO]: You chose 'did'
2024-06-01 00:54:33,755 [DEBUG]: Starting new HTTPS connection (1): app.connexcs.com:443
2024-06-01 00:54:36,702 [DEBUG]: https://app.connexcs.com:443 "GET /api/cp/did HTTP/1.1" 200 20157099
2024-06-01 01:13:35,432 [INFO]: You entered 'connexcs'
2024-06-01 01:13:36,441 [INFO]: You chose 'did'
2024-06-01 01:13:38,360 [DEBUG]: Starting new HTTPS connection (1): app.connexcs.com:443
2024-06-01 01:13:41,324 [DEBUG]: https://app.connexcs.com:443 "GET /api/cp/did HTTP/1.1" 200 20157099
